<?xml version="1.0" encoding="UTF-8"?>
<!-- Generated by org.testng.reporters.JUnitXMLReporter -->
<testsuite ignored="0" hostname="NamraRio" failures="0" tests="3" name="Default test" time="21.778" errors="0" timestamp="2025-12-31T10:20:35 IST">
  <testcase classname="testNG.TestNG31_12_2025.TestCase_31_12_2025" name="title" time="0.055"/>
  <testcase classname="testNG.TestNG31_12_2025.TestCase_31_12_2025" name="sourceURL" time="0.026"/>
  <testcase classname="testNG.TestNG31_12_2025.TestCase_31_12_2025" name="SourceCode" time="0.117"/>
</testsuite> <!-- Default test -->
