<?xml version="1.0" encoding="UTF-8"?>
<!-- Generated by org.testng.reporters.JUnitXMLReporter -->
<testsuite ignored="3" hostname="NamraRio" failures="0" tests="1" name="Test" time="4.578" errors="0" timestamp="2026-01-14T10:24:58 IST">
  <testcase classname="GroupExecution_14_01_2026.FacebookLogin_Group" name="login" time="4.512"/>
  <testcase classname="GroupExecution_14_01_2026.FacebookLogin_CSSselector_group" name="cssSelector" time="0.0">
    <ignored/>
  </testcase> <!-- cssSelector -->
  <testcase classname="GroupExecution_14_01_2026.TextFunction_Group" name="textFunction" time="0.0">
    <ignored/>
  </testcase> <!-- textFunction -->
  <testcase classname="GroupExecution_14_01_2026.GetHeightWidth_group" name="getHeight" time="0.0">
    <ignored/>
  </testcase> <!-- getHeight -->
</testsuite> <!-- Test -->
