<?xml version="1.0" encoding="UTF-8"?>
<testng-results ignored="0" total="2" passed="2" failed="0" skipped="0">
  <reporter-output>
  </reporter-output>
  <suite started-at="2026-01-02T10:39:08 IST" name="FacebookSuite" finished-at="2026-01-02T10:39:21 IST" duration-ms="13336">
    <groups>
    </groups>
    <test started-at="2026-01-02T10:39:08 IST" name="FacebookTest" finished-at="2026-01-02T10:39:21 IST" duration-ms="13336">
      <class name="testNG.TestNG_02_01_2026.TestCase1_02_01_2026">
        <test-method is-config="true" signature="setup()[pri:0, instance:testNG.TestNG_02_01_2026.TestCase1_02_01_2026@bcec361]" started-at="2026-01-02T10:39:15 IST" name="setup" finished-at="2026-01-02T10:39:18 IST" duration-ms="2951" status="PASS">
          <reporter-output>
          </reporter-output>
        </test-method> <!-- setup -->
        <test-method signature="facebookLogin()[pri:0, instance:testNG.TestNG_02_01_2026.TestCase1_02_01_2026@bcec361]" started-at="2026-01-02T10:39:18 IST" name="facebookLogin" finished-at="2026-01-02T10:39:19 IST" duration-ms="507" status="PASS">
          <reporter-output>
          </reporter-output>
        </test-method> <!-- facebookLogin -->
        <test-method is-config="true" signature="tearDown()[pri:0, instance:testNG.TestNG_02_01_2026.TestCase1_02_01_2026@bcec361]" started-at="2026-01-02T10:39:19 IST" name="tearDown" finished-at="2026-01-02T10:39:21 IST" duration-ms="2346" status="PASS">
          <reporter-output>
          </reporter-output>
        </test-method> <!-- tearDown -->
      </class> <!-- testNG.TestNG_02_01_2026.TestCase1_02_01_2026 -->
      <class name="testNG.TestNG_02_01_2026.TestCase2_02_01_2026">
        <test-method is-config="true" signature="setup()[pri:0, instance:testNG.TestNG_02_01_2026.TestCase2_02_01_2026@45752059]" started-at="2026-01-02T10:39:08 IST" name="setup" finished-at="2026-01-02T10:39:11 IST" duration-ms="3718" status="PASS">
          <reporter-output>
          </reporter-output>
        </test-method> <!-- setup -->
        <test-method signature="fetchLink()[pri:0, instance:testNG.TestNG_02_01_2026.TestCase2_02_01_2026@45752059]" started-at="2026-01-02T10:39:11 IST" name="fetchLink" finished-at="2026-01-02T10:39:13 IST" duration-ms="1388" status="PASS">
          <reporter-output>
          </reporter-output>
        </test-method> <!-- fetchLink -->
        <test-method is-config="true" signature="tearDown()[pri:0, instance:testNG.TestNG_02_01_2026.TestCase2_02_01_2026@45752059]" started-at="2026-01-02T10:39:13 IST" name="tearDown" finished-at="2026-01-02T10:39:15 IST" duration-ms="2337" status="PASS">
          <reporter-output>
          </reporter-output>
        </test-method> <!-- tearDown -->
      </class> <!-- testNG.TestNG_02_01_2026.TestCase2_02_01_2026 -->
    </test> <!-- FacebookTest -->
  </suite> <!-- FacebookSuite -->
</testng-results>
