<?xml version="1.0" encoding="UTF-8"?>
<!-- Generated by org.testng.reporters.JUnitReportReporter -->
<testsuite hostname="NamraRio" failures="0" tests="3" name="testNG.TestNG31_12_2025.TestCase_31_12_2025" time="21.662" errors="0" timestamp="2025-12-31T10:20:35 IST" skipped="0">
  <testcase classname="testNG.TestNG31_12_2025.TestCase_31_12_2025" name="title" time="5.534"/>
  <testcase classname="testNG.TestNG31_12_2025.TestCase_31_12_2025" name="sourceURL" time="10.773"/>
  <testcase classname="testNG.TestNG31_12_2025.TestCase_31_12_2025" name="SourceCode" time="5.355"/>
</testsuite> <!-- testNG.TestNG31_12_2025.TestCase_31_12_2025 -->
