<?xml version="1.0" encoding="UTF-8"?>
<!-- Generated by org.testng.reporters.JUnitReportReporter -->
<testsuite hostname="NamraRio" failures="0" tests="7" name="testNG.InvocationCountPractice_30_12_2025" time="0.020" errors="0" timestamp="2025-12-30T10:10:49 IST" skipped="0">
  <testcase classname="testNG.InvocationCountPractice_30_12_2025" name="smoke" time="0.001"/>
  <testcase classname="testNG.InvocationCountPractice_30_12_2025" name="smoke" time="0.012"/>
  <testcase classname="testNG.InvocationCountPractice_30_12_2025" name="functional" time="0.001"/>
  <testcase classname="testNG.InvocationCountPractice_30_12_2025" name="functional" time="0.001"/>
  <testcase classname="testNG.InvocationCountPractice_30_12_2025" name="functional" time="0.002"/>
  <testcase classname="testNG.InvocationCountPractice_30_12_2025" name="functional" time="0.002"/>
  <testcase classname="testNG.InvocationCountPractice_30_12_2025" name="functional" time="0.001"/>
</testsuite> <!-- testNG.InvocationCountPractice_30_12_2025 -->
