<?xml version="1.0" encoding="UTF-8"?>
<!-- Generated by org.testng.reporters.JUnitReportReporter -->
<testsuite hostname="NamraRio" failures="0" tests="3" name="testNG.DemoTestNG" time="0.016" errors="0" timestamp="2025-12-29T10:03:24 IST" skipped="0">
  <testcase classname="testNG.DemoTestNG" name="smoke" time="0.012"/>
  <testcase classname="testNG.DemoTestNG" name="functional" time="0.002"/>
  <testcase classname="testNG.DemoTestNG" name="regression" time="0.002"/>
</testsuite> <!-- testNG.DemoTestNG -->
