<?xml version="1.0" encoding="UTF-8"?>
<!-- Generated by org.testng.reporters.JUnitReportReporter -->
<testsuite hostname="NamraRio" failures="0" tests="2" name="testNG.Assertion.Assertion_07_01_2026" time="7.666" errors="0" timestamp="2026-01-08T10:14:57 IST" skipped="0">
  <testcase classname="testNG.Assertion.Assertion_07_01_2026" name="login" time="1.941"/>
  <testcase classname="testNG.Assertion.Assertion_07_01_2026" name="getTitle" time="5.725"/>
</testsuite> <!-- testNG.Assertion.Assertion_07_01_2026 -->
