<?xml version="1.0" encoding="UTF-8"?>
<!-- Generated by org.testng.reporters.JUnitReportReporter -->
<testsuite hostname="NamraRio" failures="0" tests="3" name="testNG.EnabledPractice_31_12_2025" time="0.010" errors="0" timestamp="2025-12-30T10:16:22 IST" skipped="2">
  <testcase classname="testNG.EnabledPractice_31_12_2025" name="regression" time="0.010"/>
  <testcase classname="testNG.EnabledPractice_31_12_2025" name="smoke">
    <skipped/>
  </testcase> <!-- smoke -->
  <testcase classname="testNG.EnabledPractice_31_12_2025" name="functional">
    <skipped/>
  </testcase> <!-- functional -->
</testsuite> <!-- testNG.EnabledPractice_31_12_2025 -->
